<?xml version="1.0" encoding="UTF-8"?>
<testsuite xmlns:xsi="http://www.w3.org/2001/XMLSchema-instance" xsi:noNamespaceSchemaLocation="https://maven.apache.org/surefire/maven-surefire-plugin/xsd/surefire-test-report.xsd" name="org.testExecutionEngine.TestExecutionEngine" time="44.877" tests="5" errors="0" skipped="0" failures="0">
  <properties>
[...]
</properties>
  <testcase name="executionEngine[3]" classname="org.testExecutionEngine.TestExecutionEngine" time="31.036"/>
  <testcase name="executionEngine[2]" classname="org.testExecutionEngine.TestExecutionEngine" time="31.02"/>
  <testcase name="executionEngine[1]" classname="org.testExecutionEngine.TestExecutionEngine" time="31.092"/>
  <testcase name="executionEngine[0]" classname="org.testExecutionEngine.TestExecutionEngine" time="33.499"/>
  <testcase name="executionEngine[4]" classname="org.testExecutionEngine.TestExecutionEngine" time="13.85"/>
</testsuite>